Error: "failed to read serialized length: Connection reset by peer (os error 104)"
Error: input/output error
Error: i/o timeout
Error: input/output error
Error: i/o timeout
Error: input/output error
Error: i/o timeout
Error: input/output error
Error: i/o timeout
Error: input/output error
Error: input/output error
Error: i/o timeout
Error: input/output error
Error: i/o timeout
Error: input/output error
Error: i/o timeout
Error: input/output error
Error: i/o timeout
Error: input/output error
Error: i/o timeout
Error: input/output error
Error: i/o timeout
Error: input/output error
Error: i/o timeout
Error: input/output error
Error: input/output error
Error: i/o timeout
Error: input/output error
Error: i/o timeout
Error: input/output error
Error: i/o timeout
Error: input/output error
Error: i/o timeout
Error: input/output error
Error: i/o timeout
Error: input/output error
Error: i/o timeout
Error: input/output error
Error: input/output error
Error: i/o timeout
Error: input/output error
Error: i/o timeout
Error: input/output error
Error: i/o timeout
Error: input/output error
Error: i/o timeout
Error: input/output error
Error: i/o timeout
Error: input/output error
Error: i/o timeout
Error: input/output error
Error: i/o timeout
Error: input/output error
Error: i/o timeout
Error: input/output error
Error: i/o timeout
Error: input/output error
Error: input/output error
Error: i/o timeout
Error: input/output error
Error: i/o timeout
Error: input/output error
Error: i/o timeout
Error: input/output error
Error: i/o timeout
Error: input/output error
Error: i/o timeout
Error: input/output error
Error: i/o timeout
Error: input/output error
Error: input/output error
Error: i/o timeout
Error: input/output error
Error: i/o timeout
Error: input/output error
Error: i/o timeout
Error: input/output error
Error: i/o timeout
Error: input/output error
Error: i/o timeout
Error: input/output error
Error: i/o timeout
Error: input/output error
Error: input/output error
Error: i/o timeout
Error: input/output error
Error: i/o timeout
Error: input/output error
Error: i/o timeout
Error: input/output error
Error: "Socket file not found. Are you sure swww-daemon is running?"
Error: i/o timeout
Error: "Socket file not found. Are you sure swww-daemon is running?"
Error: input/output error
Error: "Socket file not found. Are you sure swww-daemon is running?"
Error: i/o timeout
Error: "Socket file not found. Are you sure swww-daemon is running?"
Error: input/output error
Error: "Socket file not found. Are you sure swww-daemon is running?"
Error: i/o timeout
Error: "Socket file not found. Are you sure swww-daemon is running?"
Error: input/output error
Error: "Socket file not found. Are you sure swww-daemon is running?"
Error: "Socket file not found. Are you sure swww-daemon is running?"
Error: input/output error
Error: i/o timeout
Error: "Socket file not found. Are you sure swww-daemon is running?"
Error: "Socket file not found. Are you sure swww-daemon is running?"
Error: input/output error
Error: i/o timeout
Error: "Socket file not found. Are you sure swww-daemon is running?"
Error: input/output error
Error: "Socket file not found. Are you sure swww-daemon is running?"
Error: i/o timeout
Error: "Socket file not found. Are you sure swww-daemon is running?"
Error: input/output error
Error: "Socket file not found. Are you sure swww-daemon is running?"
Error: i/o timeout
Error: "Socket file not found. Are you sure swww-daemon is running?"
Error: input/output error
Error: "Socket file not found. Are you sure swww-daemon is running?"
Error: i/o timeout
Error: "Socket file not found. Are you sure swww-daemon is running?"
Error: input/output error
Error: "Socket file not found. Are you sure swww-daemon is running?"
Error: i/o timeout
Error: "Socket file not found. Are you sure swww-daemon is running?"
Error: input/output error
Error: "Socket file not found. Are you sure swww-daemon is running?"
Error: i/o timeout
Error: "Socket file not found. Are you sure swww-daemon is running?"
Error: input/output error
Error: "Socket file not found. Are you sure swww-daemon is running?"
Error: i/o timeout
Error: "Socket file not found. Are you sure swww-daemon is running?"
Error: input/output error
Error: "Socket file not found. Are you sure swww-daemon is running?"
Error: i/o timeout
Error: "Socket file not found. Are you sure swww-daemon is running?"
Error: input/output error
Error: "Socket file not found. Are you sure swww-daemon is running?"
Error: i/o timeout
Error: "Socket file not found. Are you sure swww-daemon is running?"
Error: input/output error
Error: "Socket file not found. Are you sure swww-daemon is running?"
Error: i/o timeout
Error: "Socket file not found. Are you sure swww-daemon is running?"
Error: input/output error
Error: "Socket file not found. Are you sure swww-daemon is running?"
Error: "Socket file not found. Are you sure swww-daemon is running?"
Error: input/output error
Error: i/o timeout
Error: "Socket file not found. Are you sure swww-daemon is running?"
Error: input/output error
Error: "Socket file not found. Are you sure swww-daemon is running?"
Error: i/o timeout
Error: "Socket file not found. Are you sure swww-daemon is running?"
Error: input/output error
15:01:02 [0m[34m[INFO] [0m(main) Selected wl_shm format: Xbgr8888
15:01:02 [0m[34m[INFO] [0m(main) Initialization succeeded! Starting main loop...
15:01:02 [0m[34m[INFO] [0m(transition) BumpPool with: 1 buffers. Size: 8100Kb
15:01:02 [0m[34m[INFO] [0m(transition) BumpPool with: 1 buffers. Size: 8100Kb
15:01:02 [0m[33m[WARN] [0m(main) Received transform. We currently ignore those
15:01:02 [0m[33m[WARN] [0m(main) Received transform. We currently ignore those
15:01:03 [0m[34m[INFO] [0m(main) Goodbye!
15:01:03 [0m[34m[INFO] [0m(main) Removed socket at "/run/user/1000/swww-wayland-1.socket"
Error: "Socket file not found. Are you sure swww-daemon is running?"
Error: i/o timeout
Error: input/output error
Error: "Socket file not found. Are you sure swww-daemon is running?"
Error: Failed doing I/O with terminal: EOF
Error: i/o timeout
Error: input/output error
Error: "Socket file not found. Are you sure swww-daemon is running?"
Error: input/output error
Error: "Socket file not found. Are you sure swww-daemon is running?"
Error: input/output error
Error: "Socket file not found. Are you sure swww-daemon is running?"
Error: input/output error
Error: i/o timeout
