[07/31/24, 22:24:30:721] info: 
╔══════════════════════════════════════════════════════╗
║      Slack 4.39.88, linux 6.10.2-arch1-1 on x64      ║
╚══════════════════════════════════════════════════════╝ 
[07/31/24, 22:24:30:722] info: Configured logger via 
{
  "loggerInstanceCount": 1
}
[07/31/24, 22:24:30:731] info: Predefined values for process 
{
  "NODE_ENV": "production",
  "platform": "linux",
  "type": "browser",
  "timeZone": "Asia/Tokyo",
  "PACKAGE_MANIFEST.productName": "Slack",
  "PACKAGE_MANIFEST.version": "4.39.88",
  "PACKAGE_MANIFEST.commit": "6761143",
  "PACKAGE_MANIFEST.branch": "HEAD"
}
[07/31/24, 22:24:30:817] info: persistUuid:: Generated uuid 
{
  "uuid": "5622458b-11db-43a3-85f6-73a243468bb2"
}
[07/31/24, 22:24:30:817] info: persistUuid:: Uuid persisted successfully 
[07/31/24, 22:24:30:818] info: getSentryDSN: Setting sentry URL to slack.com 
[07/31/24, 22:24:30:827] info: Could not load previous electron version 
[07/31/24, 22:24:30:902] info: Breadcrumb: electron: app.will-finish-launching 
[07/31/24, 22:24:30:908] info: Breadcrumb: electron: app.ready 
[07/31/24, 22:24:30:913] info: Breadcrumb: electron: app.session-created 
[07/31/24, 22:24:30:914] info: Breadcrumb: electron: app.session-created 
[07/31/24, 22:24:30:928] info: Store: persist/PERSIST 
[07/31/24, 22:24:30:930] info: Store: UPDATE_SETTINGS 
{
  "locale": "en-US"
}
[07/31/24, 22:24:30:932] info: Migrating from redux-persist@v4 
[07/31/24, 22:24:30:932] info: Finished migrating state 
{
  "keys": [
    "_persist"
  ],
  "version": 1
}
[07/31/24, 22:24:30:932] info: Store: persist/REHYDRATE 
{
  "_persist": "Persistence version: 1"
}
[07/31/24, 22:24:30:933] warn: Telemetry queued before configured 
{
  "event": 1001000
}
[07/31/24, 22:24:30:933] info: Store: RECORD_PERFORMANCE_TIMING 
{
  "phase": 0,
  "interval": 6
}
[07/31/24, 22:24:30:934] info: Store: INITIALIZE 
{
  "resourcePath": "/usr/lib/slack/resources/app.asar",
  "silent": true,
  "tsaToken": "[REDACTED]",
  "bootFragments": []
}
[07/31/24, 22:24:30:942] info: Store: SET_SESSION_MODE 
[07/31/24, 22:24:30:943] info: Feature Check: requesting features from https://app.slack.com/api/ 
[07/31/24, 22:24:30:944] info: Breadcrumb: electron: powerMonitor.newListener 
[07/31/24, 22:24:30:944] info: Breadcrumb: electron: powerMonitor.newListener 
[07/31/24, 22:24:30:946] error: Failed to load calls-desktop-interop.WindowBorderPanel 
{
  "error": {
    "name": "Error",
    "stack": "Error: Module did not self-register: '/usr/lib/slack/resources/app.asar.unpacked/node_modules/@tinyspeck/huddles-desktop-utils/build/Release/CallsDesktopInterop.node'.\n    at process.func [as dlopen] (node:electron/js2c/node_init:2:2559)\n    at Module._extensions..node (node:internal/modules/cjs/loader:1470:18)\n    at Object.func [as .node] (node:electron/js2c/node_init:2:2786)\n    at Module.load (node:internal/modules/cjs/loader:1215:32)\n    at Module._load (node:internal/modules/cjs/loader:1031:12)\n    at c._load (node:electron/js2c/node_init:2:17025)\n    at Module.require (node:internal/modules/cjs/loader:1240:19)\n    at require (node:internal/modules/helpers:179:18)\n    at bindings (/usr/lib/slack/resources/app.asar/node_modules/bindings/bindings.js:112:48)\n    at Object.<anonymous> (/usr/lib/slack/resources/app.asar/node_modules/@tinyspeck/huddles-desktop-utils/lib/index.js:1:34)",
    "message": "Module did not self-register: '/usr/lib/slack/resources/app.asar.unpacked/node_modules/@tinyspeck/huddles-desktop-utils/build/Release/CallsDesktopInterop.node'.",
    "code": "ERR_DLOPEN_FAILED"
  }
}
[07/31/24, 22:24:30:964] warn: Failed to install protocol handler for slack:// links 
[07/31/24, 22:24:30:965] info: Startup Display id=46 at (0, 0) [1920 x 1080] 
[07/31/24, 22:24:30:965] info: Startup Display id=47 at (1920, 0) [1920 x 1080] 
[07/31/24, 22:24:30:971] warn: Couldn't get Linux distro info from lsb_release, trying fallback to get Linux distro info 
{
  "error": {
    "name": "Error",
    "stack": "Error: Command failed: lsb_release -a --short\n/bin/sh: line 1: lsb_release: command not found\n\n    at genericNodeError (node:internal/errors:984:15)\n    at wrappedFn (node:internal/errors:538:14)\n    at ChildProcess.exithandler (node:child_process:422:12)\n    at ChildProcess.emit (node:events:519:28)\n    at ChildProcess.emit (node:domain:488:12)\n    at maybeClose (node:internal/child_process:1105:16)\n    at Socket.<anonymous> (node:internal/child_process:457:11)\n    at Socket.emit (node:events:519:28)\n    at Socket.emit (node:domain:488:12)\n    at Pipe.<anonymous> (node:net:338:12)",
    "message": "Command failed: lsb_release -a --short\n/bin/sh: line 1: lsb_release: command not found\n",
    "code": 127,
    "killed": false,
    "signal": null,
    "cmd": "lsb_release -a --short",
    "stdout": "",
    "stderr": "/bin/sh: line 1: lsb_release: command not found\n"
  }
}
[07/31/24, 22:24:30:982] info: getLinuxDistro: getos 
{
  "res": {
    "os": "linux",
    "dist": "Arch Linux"
  }
}
[07/31/24, 22:24:30:983] info: Store: READY 
{
  "resourcePath": "/usr/lib/slack/resources/app.asar",
  "silent": true,
  "tsaToken": "[REDACTED]",
  "bootFragments": [],
  "appVersion": "4.39.88",
  "arch": "x64",
  "isGpuCompositionAvailable": true,
  "isTitleBarHidden": false,
  "platform": "linux",
  "platformVersion": {
    "major": 6,
    "minor": 10,
    "build": 2
  },
  "developerMenuOverride": false,
  "uuid": "5622458b-11db-43a3-85f6-73a243468bb2",
  "applicationProcessSessionId": "NTYyMjQ1OGItMTFkYi00M2EzLTg1ZjYtNzNhMjQzNDY4YmIyXzE3MjI0MzIyNzA4MTc=",
  "distribution": "DDL",
  "clientEnvironment": 1000,
  "invokedOnStartup": false,
  "linux": {
    "os": "Arch Linux",
    "name": "Arch Linux ",
    "release": "",
    "codename": "",
    "desktopEnvironment": "Hyprland"
  }
}
[07/31/24, 22:24:30:983] info: initializeApplicationEpic: trying to set ntlm credential domain for session 
{
  "sessionId": "PROD_DEFAULT_SESSION"
}
[07/31/24, 22:24:30:983] info: initializeApplicationEpic: Setting spellcheck dictionary URL 
{
  "dictionaryUrl": "https://spellcheck.slack-edge.com/dictionaries_v2/"
}
[07/31/24, 22:24:30:983] info: initializeApplicationEpic: Welcome to Slack 4.39.88 x64 
[07/31/24, 22:24:30:984] info: Breadcrumb: electron: powerMonitor.newListener 
[07/31/24, 22:24:30:985] info: logExternalConfigEpic: initial external config 
{
  "defaults": {}
}
[07/31/24, 22:24:30:985] info: AutoLoginEpic: Checking for autologin. 
[07/31/24, 22:24:30:985] info: getIsUpdateSupported: Updates are not supported 
{
  "version": "4.39.88",
  "reasons": [
    "using Linux"
  ],
  "distribution": "DDL",
  "executable": "/usr/lib/slack"
}
[07/31/24, 22:24:30:987] info: persistUuid:: Generated uuid 
{
  "uuid": "ba142e91-0ace-443c-8b65-78dd5ebf33aa"
}
[07/31/24, 22:24:30:987] info: persistUuid:: Uuid persisted successfully 
[07/31/24, 22:24:30:993] info: Store: SET_ACCESSIBILITY_SUPPORT_ENABLED 
[07/31/24, 22:24:30:993] info: Store: CREATE_WINDOW 
{
  "type": "main"
}
[07/31/24, 22:24:30:993] info: Store: UPDATE_SETTINGS 
{
  "isSignedIntoSlackOrg": false
}
[07/31/24, 22:24:30:996] info: initialSettingsPayload: trying to invalidate settings 
{
  "payload": {
    "launchOnStartup": false,
    "PrefSSBFileDownloadPath": "/home/[REDACTED]/Downloads",
    "PrefSSBFileDownloadPathDisplayName": "Downloads",
    "hasRunApp": true
  }
}
[07/31/24, 22:24:30:996] info: Store: UPDATE_SETTINGS 
{
  "launchOnStartup": false,
  "PrefSSBFileDownloadPath": "/home/[REDACTED]/Downloads",
  "PrefSSBFileDownloadPathDisplayName": "Downloads",
  "hasRunApp": true
}
[07/31/24, 22:24:30:997] info: Store: SET_UPDATE_SUPPORTED 
[07/31/24, 22:24:31:000] info: Store: TOKEN_FILE_PROCESSED 
[07/31/24, 22:24:31:000] info: AutoLoginEpic: Processing token file for autologin. 
[07/31/24, 22:24:31:000] info: AutoLoginEpic: Completed autologin processing — successfully logged in 0 workspaces. 
[07/31/24, 22:24:31:000] info: AutoLoginEpic: Setting default sign-in team to null 
[07/31/24, 22:24:31:000] info: Store: AUTOLOGIN_TEAMS_COMPLETE 
[07/31/24, 22:24:31:000] info: Store: UPDATE_SETTINGS 
{
  "defaultSigninTeam": null
}
[07/31/24, 22:24:31:005] info: Breadcrumb: electron: app.web-contents-created 
[07/31/24, 22:24:31:005] info: Breadcrumb: electron: app.browser-window-created 
[07/31/24, 22:24:31:010] info: MainWindowEpics: Setting main window ID 
{
  "id": 1
}
[07/31/24, 22:24:31:010] info: getSonicBaseURL: Booting into devEnv 
{
  "url": "https://app.slack.com"
}
[07/31/24, 22:24:31:011] info: Store: WINDOW_CREATED 
{
  "type": "main",
  "webappType": "app",
  "initialLoadURL": "https://app.slack.com/ssb/first?redir=%2Fssb%2Fclient",
  "id": 1,
  "frame": {
    "isHtmlFullScreen": false,
    "isCurrentlyAudible": false,
    "isFullScreen": false,
    "isMinimized": false,
    "isMaximized": false,
    "isVisible": false,
    "isFocused": false,
    "bounds": {
      "x": 560,
      "y": 240,
      "width": 800,
      "height": 600
    },
    "hasVibrancy": false
  }
}
[07/31/24, 22:24:31:014] info: Breadcrumb: electron: powerMonitor.newListener 
[07/31/24, 22:24:31:014] info: Breadcrumb: electron: powerMonitor.newListener 
[07/31/24, 22:24:31:014] info: Watching for keyboard layout changes 
[07/31/24, 22:24:31:015] info: Store: RECORD_PERFORMANCE_TIMING 
{
  "phase": 1,
  "interval": 81
}
[07/31/24, 22:24:31:015] info: Store: UPDATE_SETTINGS 
{
  "keyboardLayout": "us"
}
[07/31/24, 22:24:31:018] info: registerLifeCycleEvents: Registering webContents:1 
[07/31/24, 22:24:31:018] info: registerLifeCycleEvents: webContents:1 is type 'app' 
[07/31/24, 22:24:31:018] info: Store: UPSERT_WEB_CONTENTS 
{
  "id": 1,
  "state": "unloaded",
  "type": "app"
}
[07/31/24, 22:24:31:020] info: getSonicBaseURL: Booting into devEnv 
{
  "url": "https://app.slack.com"
}
[07/31/24, 22:24:31:021] info: Breadcrumb: electron: app.gpu-info-update 
[07/31/24, 22:24:31:024] info: System configuration information 
{
  "info": {
    "total_memory_in_gb": 31,
    "gpuFeatures": {
      "2d_canvas": "disabled_software",
      "canvas_oop_rasterization": "disabled_off",
      "direct_rendering_display_compositor": "disabled_off_ok",
      "gpu_compositing": "disabled_software",
      "multiple_raster_threads": "enabled_on",
      "opengl": "disabled_off",
      "rasterization": "disabled_software",
      "raw_draw": "disabled_off_ok",
      "skia_graphite": "disabled_off",
      "video_decode": "disabled_software",
      "video_encode": "disabled_software",
      "vulkan": "disabled_off",
      "webgl": "disabled_off",
      "webgl2": "disabled_off",
      "webgpu": "disabled_off",
      "webnn": "disabled_off"
    },
    "cpu_model": "AMD Ryzen 7 5800X3D 8-Core Processor",
    "cpu_logical_core": 16,
    "cpu_clock_speed": 4399,
    "gpuDevice": [
      {
        "active": true,
        "cudaComputeCapabilityMajor": 0,
        "deviceId": 29663,
        "gpuPreference": 0,
        "vendorId": 4098
      }
    ],
    "machine_model_name": "unknown",
    "machine_model_version": "unknown",
    "crash_db_size_kb": 1
  }
}
[07/31/24, 22:24:31:278] info: Breadcrumb: electron.net: undefined 
{
  "url": "https://app.slack.com/api/desktop.features",
  "method": "GET",
  "status_code": 200
}
[07/31/24, 22:24:31:279] info: Feature Check: received experiments 
{
  "ok": true,
  "experiments": [
    {
      "experiment": "",
      "disable_chrome_features": [
        "PostQuantumKyber"
      ],
      "type": "normal"
    }
  ]
}
[07/31/24, 22:24:31:519] info: Finished download of spellcheck dictionary 
{
  "code": "en-US"
}
[07/31/24, 22:24:31:520] info: Spellcheck dictionary initialized 
{
  "code": "en-US"
}
[07/31/24, 22:24:32:017] info: Store: SET_WINDOW_FRAME 
{
  "id": 1,
  "frame": {
    "bounds": {
      "x": 448,
      "y": 156,
      "width": 1024,
      "height": 768
    },
    "isMaximized": false
  },
  "fromEvent": true
}
[07/31/24, 22:24:32:018] info: Store: SET_WINDOW_FRAME 
{
  "id": 1,
  "frame": {
    "bounds": {
      "x": 448,
      "y": 156,
      "width": 1024,
      "height": 768
    },
    "isMaximized": false
  },
  "fromEvent": true
}
[07/31/24, 22:24:32:026] info: Store: UPDATE_SETTINGS 
{
  "userTheme": "light"
}
[07/31/24, 22:24:32:027] info: Store: UPDATE_SETTINGS 
{
  "systemThemeSyncEnabled": false
}
[07/31/24, 22:24:32:223] info: Breadcrumb: electron: renderer.dom-ready 
{
  "id": 1,
  "url": "https://app.slack.com/ssb/first?redir=%2Fssb%2Fclient"
}
[07/31/24, 22:24:32:223] info: registerLifeCycleEvents: webContents:1 from 'unloaded' to 'loaded' took 1205 ms 
[07/31/24, 22:24:32:223] info: Store: UPSERT_WEB_CONTENTS 
{
  "id": 1,
  "state": "loaded"
}
[07/31/24, 22:24:32:224] info: initializeMainWindowEpic: Showing main window 
{
  "maximized": false,
  "shouldHide": false,
  "fullScreen": false
}
[07/31/24, 22:24:32:225] info: Breadcrumb: electron: window.show 
{
  "id": 1,
  "url": "https://app.slack.com/ssb/first?redir=%2Fssb%2Fclient"
}
[07/31/24, 22:24:32:225] info: Store: RECORD_PERFORMANCE_TIMING 
{
  "phase": 2,
  "interval": 1211
}
[07/31/24, 22:24:32:225] info: Store: SET_WINDOW_FRAME 
{
  "id": 1,
  "frame": {
    "isVisible": true
  },
  "fromEvent": true
}
[07/31/24, 22:24:32:226] info: Store: MAIN_WINDOW_SHOWN 
[07/31/24, 22:24:32:227] info: Store: UPDATE_SETTINGS 
{
  "mainWindowSettings": {
    "fullScreen": false,
    "maximized": false,
    "bounds": {
      "x": 448,
      "y": 156,
      "width": 1024,
      "height": 768
    }
  }
}
[07/31/24, 22:24:32:228] info: Store: CLEAR_NOTIFICATIONS 
[07/31/24, 22:24:32:230] info: waitAuthCookieChange: waiting for auth change for session 
{
  "sessionId": "PROD_DEFAULT_SESSION"
}
[07/31/24, 22:24:32:231] info: Breadcrumb: electron: window.maximize 
{
  "id": 1,
  "url": "https://app.slack.com/ssb/first?redir=%2Fssb%2Fclient"
}
[07/31/24, 22:24:32:231] info: Store: SET_WINDOW_FRAME 
{
  "id": 1,
  "frame": {
    "isMaximized": true
  },
  "fromEvent": true
}
[07/31/24, 22:24:32:231] info: Store: SET_WINDOW_FRAME 
{
  "id": 1,
  "frame": {
    "bounds": {
      "x": 0,
      "y": 0,
      "width": 931,
      "height": 994
    }
  },
  "fromEvent": true
}
[07/31/24, 22:24:32:233] info: Breadcrumb: electron: window.focus 
{
  "id": 1,
  "url": "https://app.slack.com/ssb/first?redir=%2Fssb%2Fclient"
}
[07/31/24, 22:24:32:234] info: Breadcrumb: electron: app.browser-window-focus 
[07/31/24, 22:24:32:234] info: Store: SET_WINDOW_FRAME 
{
  "id": 1,
  "frame": {
    "isFocused": true
  },
  "fromEvent": true
}
[07/31/24, 22:24:32:236] info: Permission check granted: 
{
  "isMainFrame": true,
  "permission": "background-sync",
  "requestingOrigin": "https://app.slack.com/",
  "requestingUrl": "https://app.slack.com/ssb/first?redir=%2Fssb%2Fclient",
  "securityOrigin": null
}
[07/31/24, 22:24:32:240] info: Breadcrumb: electron: window.ready-to-show 
{
  "id": 1,
  "url": "https://app.slack.com/ssb/first?redir=%2Fssb%2Fclient"
}
[07/31/24, 22:24:32:339] info: registerLifeCycleEvents: webContents:1 is type 'app' 
[07/31/24, 22:24:32:339] info: Store: UPSERT_WEB_CONTENTS 
{
  "id": 1,
  "type": "app",
  "history": "[REDACTED]"
}
[07/31/24, 22:24:32:340] info: Store: SET_WINDOW_FRAME 
{
  "id": 1,
  "frame": {
    "isVisible": true,
    "isFocused": true
  },
  "fromEvent": true
}
[07/31/24, 22:24:32:499] info: Store: SET_NETWORK_STATUS online
[07/31/24, 22:24:33:229] info: Store: SET_WINDOW_FRAME 
{
  "id": 1,
  "frame": {
    "bounds": {
      "x": 0,
      "y": 0,
      "width": 931,
      "height": 994
    },
    "isMaximized": true
  },
  "fromEvent": true
}
[07/31/24, 22:24:33:233] info: Store: SET_WINDOW_FRAME 
{
  "id": 1,
  "frame": {
    "bounds": {
      "x": 0,
      "y": 0,
      "width": 931,
      "height": 994
    },
    "isMaximized": true
  },
  "fromEvent": true
}
[07/31/24, 22:24:33:301] info: Store: UPDATE_SETTINGS 
{
  "mainWindowSettings": {
    "fullScreen": false,
    "maximized": true,
    "bounds": {
      "width": 1024,
      "height": 768,
      "x": 448,
      "y": 156
    }
  }
}
[07/31/24, 22:24:34:318] info: Breadcrumb: electron: window.blur 
{
  "id": 1,
  "url": "https://app.slack.com/ssb/first?redir=%2Fssb%2Fclient"
}
[07/31/24, 22:24:34:318] info: Breadcrumb: electron: app.browser-window-blur 
[07/31/24, 22:24:34:318] info: Store: SET_WINDOW_FRAME 
{
  "id": 1,
  "frame": {
    "isFocused": false
  },
  "fromEvent": true
}
[07/31/24, 22:24:34:518] info: Breadcrumb: electron: window.focus 
{
  "id": 1,
  "url": "https://app.slack.com/ssb/first?redir=%2Fssb%2Fclient"
}
[07/31/24, 22:24:34:518] info: Breadcrumb: electron: app.browser-window-focus 
[07/31/24, 22:24:34:518] info: Store: SET_WINDOW_FRAME 
{
  "id": 1,
  "frame": {
    "isFocused": true
  },
  "fromEvent": true
}
[07/31/24, 22:24:35:292] info: actionForExternalWindowURL: Opening external window 
[07/31/24, 22:24:35:297] info: openExternal: Successfully opened external URL 
{
  "protocol": "https:",
  "trigger": 0
}
[07/31/24, 22:24:35:754] info: Breadcrumb: electron: window.blur 
{
  "id": 1,
  "url": "https://app.slack.com/ssb/first?redir=%2Fssb%2Fclient"
}
[07/31/24, 22:24:35:755] info: Breadcrumb: electron: app.browser-window-blur 
[07/31/24, 22:24:35:755] info: Store: SET_WINDOW_FRAME 
{
  "id": 1,
  "frame": {
    "isFocused": false
  },
  "fromEvent": true
}
[07/31/24, 22:24:35:928] info: Store: persist/FLUSH 
[07/31/24, 22:24:37:172] info: Breadcrumb: electron: window.focus 
{
  "id": 1,
  "url": "https://app.slack.com/ssb/first?redir=%2Fssb%2Fclient"
}
[07/31/24, 22:24:37:172] info: Breadcrumb: electron: app.browser-window-focus 
[07/31/24, 22:24:37:172] info: Store: SET_WINDOW_FRAME 
{
  "id": 1,
  "frame": {
    "isFocused": true
  },
  "fromEvent": true
}
[07/31/24, 22:24:37:744] info: Breadcrumb: electron: window.blur 
{
  "id": 1,
  "url": "https://app.slack.com/ssb/first?redir=%2Fssb%2Fclient"
}
[07/31/24, 22:24:37:745] info: Breadcrumb: electron: app.browser-window-blur 
[07/31/24, 22:24:37:745] info: Store: SET_WINDOW_FRAME 
{
  "id": 1,
  "frame": {
    "isFocused": false
  },
  "fromEvent": true
}
[07/31/24, 22:24:59:638] info: Breadcrumb: electron: window.focus 
{
  "id": 1,
  "url": "https://app.slack.com/ssb/first?redir=%2Fssb%2Fclient"
}
[07/31/24, 22:24:59:639] info: Breadcrumb: electron: app.browser-window-focus 
[07/31/24, 22:24:59:639] info: Store: SET_WINDOW_FRAME 
{
  "id": 1,
  "frame": {
    "isFocused": true
  },
  "fromEvent": true
}
[07/31/24, 22:25:01:170] info: Breadcrumb: electron: window.blur 
{
  "id": 1,
  "url": "https://app.slack.com/ssb/first?redir=%2Fssb%2Fclient"
}
[07/31/24, 22:25:01:171] info: Breadcrumb: electron: app.browser-window-blur 
[07/31/24, 22:25:01:171] info: Store: SET_WINDOW_FRAME 
{
  "id": 1,
  "frame": {
    "isFocused": false
  },
  "fromEvent": true
}
[07/31/24, 22:25:07:867] info: Breadcrumb: electron: window.focus 
{
  "id": 1,
  "url": "https://app.slack.com/ssb/first?redir=%2Fssb%2Fclient"
}
[07/31/24, 22:25:07:868] info: Breadcrumb: electron: app.browser-window-focus 
[07/31/24, 22:25:07:868] info: Store: SET_WINDOW_FRAME 
{
  "id": 1,
  "frame": {
    "isFocused": true
  },
  "fromEvent": true
}
[07/31/24, 22:25:08:056] info: Breadcrumb: electron: window.blur 
{
  "id": 1,
  "url": "https://app.slack.com/ssb/first?redir=%2Fssb%2Fclient"
}
[07/31/24, 22:25:08:056] info: Breadcrumb: electron: app.browser-window-blur 
[07/31/24, 22:25:08:056] info: Store: SET_WINDOW_FRAME 
{
  "id": 1,
  "frame": {
    "isFocused": false
  },
  "fromEvent": true
}
[07/31/24, 22:25:08:490] info: Breadcrumb: electron: window.focus 
{
  "id": 1,
  "url": "https://app.slack.com/ssb/first?redir=%2Fssb%2Fclient"
}
[07/31/24, 22:25:08:490] info: Breadcrumb: electron: app.browser-window-focus 
[07/31/24, 22:25:08:490] info: Store: SET_WINDOW_FRAME 
{
  "id": 1,
  "frame": {
    "isFocused": true
  },
  "fromEvent": true
}
[07/31/24, 22:25:08:661] info: Breadcrumb: electron: window.blur 
{
  "id": 1,
  "url": "https://app.slack.com/ssb/first?redir=%2Fssb%2Fclient"
}
[07/31/24, 22:25:08:661] info: Breadcrumb: electron: app.browser-window-blur 
[07/31/24, 22:25:08:661] info: Store: SET_WINDOW_FRAME 
{
  "id": 1,
  "frame": {
    "isFocused": false
  },
  "fromEvent": true
}
[07/31/24, 22:25:30:984] info: Store: UPDATE_SETTINGS 
{
  "lastClogForProxyInfo": 1722432330984
}
[07/31/24, 22:25:41:160] info: Breadcrumb: electron.net: undefined 
{
  "url": "https://app.slack.com/clog/track/",
  "method": "POST",
  "status_code": 200
}
[07/31/24, 22:25:41:357] info: Breadcrumb: electron.net: undefined 
{
  "url": "https://app.slack.com/clog/track/",
  "method": "POST",
  "status_code": 200
}
[07/31/24, 22:25:41:549] info: Breadcrumb: electron.net: undefined 
{
  "url": "https://app.slack.com/clog/track/",
  "method": "POST",
  "status_code": 200
}
[07/31/24, 22:25:57:438] info: Breadcrumb: electron: window.focus 
{
  "id": 1,
  "url": "https://app.slack.com/ssb/first?redir=%2Fssb%2Fclient"
}
[07/31/24, 22:25:57:438] info: Breadcrumb: electron: app.browser-window-focus 
[07/31/24, 22:25:57:438] info: Store: SET_WINDOW_FRAME 
{
  "id": 1,
  "frame": {
    "isFocused": true
  },
  "fromEvent": true
}
[07/31/24, 22:25:57:588] info: Breadcrumb: electron: window.blur 
{
  "id": 1,
  "url": "https://app.slack.com/ssb/first?redir=%2Fssb%2Fclient"
}
[07/31/24, 22:25:57:588] info: Breadcrumb: electron: app.browser-window-blur 
[07/31/24, 22:25:57:588] info: Store: SET_WINDOW_FRAME 
{
  "id": 1,
  "frame": {
    "isFocused": false
  },
  "fromEvent": true
}
[07/31/24, 22:26:56:744] info: Breadcrumb: electron: app.second-instance 
[07/31/24, 22:26:56:744] info: secondInstanceEpic: Received deep link protocol activation 
[07/31/24, 22:26:56:745] info: Store: HANDLE_DEEP_LINK 
{
  "url": "slack://TACDT9F2Q/magic-login/7499791265270-f3f2a944efff6693e1a8abb3ac8d802f7829ec89e64ec7aaf86a8fa557e481c4?id=1"
}
[07/31/24, 22:26:56:747] info: Breadcrumb: electron: app.web-contents-created 
[07/31/24, 22:26:56:747] info: Breadcrumb: electron: app.browser-window-created 
[07/31/24, 22:26:56:747] info: MagicLogin: Making magic login API request to https://app.slack.com/api/ 
[07/31/24, 22:26:56:748] info: Store: FOCUS_WINDOW 
[07/31/24, 22:26:56:749] info: Store: MAGIC_LOGIN_IN_PROGRESS true
[07/31/24, 22:26:56:784] info: registerLifeCycleEvents: Registering webContents:2 
[07/31/24, 22:26:56:785] info: Store: UPSERT_WEB_CONTENTS 
{
  "id": 2,
  "state": "unloaded"
}
[07/31/24, 22:26:57:133] info: Store: UPSERT_WEB_CONTENTS 
{
  "id": 1,
  "history": "[REDACTED]"
}
[07/31/24, 22:26:57:140] info: Breadcrumb: electron: renderer.dom-ready 
{
  "id": 2,
  "url": "https://app.slack.com/api/auth.loginMagicBulk?magic_tokens=z-app-TACDT9F2Q-7499791265270-f3f2a944efff6693e1a8abb3ac8d802f7829ec89e64ec7aaf86a8fa557e481c4&ssb=1"
}
[07/31/24, 22:26:57:140] info: registerLifeCycleEvents: webContents:2 from 'unloaded' to 'loaded' took 355 ms 
[07/31/24, 22:26:57:140] info: Store: UPSERT_WEB_CONTENTS 
{
  "id": 2,
  "state": "loaded"
}
[07/31/24, 22:26:57:144] info: registerLifeCycleEvents: webContents:2 is type 'auth' 
[07/31/24, 22:26:57:144] info: Store: UPSERT_WEB_CONTENTS 
{
  "id": 2,
  "type": "auth",
  "history": "[REDACTED]"
}
[07/31/24, 22:26:57:145] info: Breadcrumb: electron: window.ready-to-show 
{
  "id": 2,
  "url": "https://app.slack.com/api/auth.loginMagicBulk?magic_tokens=z-app-TACDT9F2Q-7499791265270-f3f2a944efff6693e1a8abb3ac8d802f7829ec89e64ec7aaf86a8fa557e481c4&ssb=1"
}
[07/31/24, 22:26:57:146] info: Breadcrumb: electron: window.close 
{
  "id": 2,
  "url": "https://app.slack.com/api/auth.loginMagicBulk?magic_tokens=z-app-TACDT9F2Q-7499791265270-f3f2a944efff6693e1a8abb3ac8d802f7829ec89e64ec7aaf86a8fa557e481c4&ssb=1"
}
[07/31/24, 22:26:57:146] info: registerLifeCycleEvents: webContents:2 from 'loaded' to 'page-closed' took 2 ms 
[07/31/24, 22:26:57:146] info: Store: UPSERT_WEB_CONTENTS 
{
  "id": 2,
  "state": "page-closed"
}
[07/31/24, 22:26:57:147] info: Store: MAGIC_LOGIN_IN_PROGRESS 
[07/31/24, 22:26:57:148] info: Breadcrumb: electron: renderer.destroyed 
{
  "id": 2,
  "url": "https://app.slack.com/api/auth.loginMagicBulk?magic_tokens=z-app-TACDT9F2Q-7499791265270-f3f2a944efff6693e1a8abb3ac8d802f7829ec89e64ec7aaf86a8fa557e481c4&ssb=1"
}
[07/31/24, 22:26:57:148] info: Store: REMOVE_WEB_CONTENTS 
{
  "id": 2
}
[07/31/24, 22:26:57:149] info: Breadcrumb: electron: window.closed 
{
  "id": 2,
  "url": "https://app.slack.com/api/auth.loginMagicBulk?magic_tokens=z-app-TACDT9F2Q-7499791265270-f3f2a944efff6693e1a8abb3ac8d802f7829ec89e64ec7aaf86a8fa557e481c4&ssb=1"
}
[07/31/24, 22:26:57:743] info: Breadcrumb: electron: renderer.dom-ready 
{
  "id": 1,
  "url": "https://app.slack.com/client"
}
[07/31/24, 22:26:57:743] info: registerLifeCycleEvents: webContents:1 from 'loaded' to 'loaded' took 610 ms 
[07/31/24, 22:26:57:743] info: Store: UPSERT_WEB_CONTENTS 
{
  "id": 1,
  "state": "loaded"
}
[07/31/24, 22:26:57:793] info: Breadcrumb: electron: window.ready-to-show 
{
  "id": 1,
  "url": "https://app.slack.com/client"
}
[07/31/24, 22:26:58:218] info: Breadcrumb: electron: window.focus 
{
  "id": 1,
  "url": "https://app.slack.com/client"
}
[07/31/24, 22:26:58:218] info: Breadcrumb: electron: app.browser-window-focus 
[07/31/24, 22:26:58:218] info: Store: SET_WINDOW_FRAME 
{
  "id": 1,
  "frame": {
    "isFocused": true
  },
  "fromEvent": true
}
[07/31/24, 22:26:58:405] info: Store: UPDATE_SETTINGS 
{
  "userTheme": "light"
}
[07/31/24, 22:26:58:406] info: Store: UPDATE_SETTINGS 
{
  "systemThemeSyncEnabled": true
}
[07/31/24, 22:26:58:409] info: waitAuthCookieChange: waiting for auth change for session 
{
  "sessionId": "PROD_DEFAULT_SESSION"
}
[07/31/24, 22:26:58:409] info: Permission check granted: 
{
  "isMainFrame": true,
  "permission": "background-sync",
  "requestingOrigin": "https://app.slack.com/",
  "requestingUrl": "https://app.slack.com/client",
  "securityOrigin": null
}
[07/31/24, 22:26:58:593] info: Store: SET_NETWORK_STATUS online
[07/31/24, 22:26:58:679] info: Store: SELECTION_CHANGED TACDT9F2Q
[07/31/24, 22:27:00:014] info: Store: REDUX_UPDATE_FROM_WEBAPP (TACDT9F2Q) Changed keys [theme,notificationPrefs,connectivityPrefs,featureFlags,unreads,locale,version,userId]
[07/31/24, 22:27:00:019] info: Store: REDUX_UPDATE_FROM_WEBAPP (TACDT9F2Q) Changed keys [userId]
[07/31/24, 22:27:00:020] info: applyLocale: locale set to ja-JP 
[07/31/24, 22:27:00:020] info: Store: UPDATE_SETTINGS 
{
  "locale": "ja-JP"
}
[07/31/24, 22:27:00:024] info: Store: REDUX_UPDATE_FROM_WEBAPP (TACDT9F2Q) Changed keys [theme,notificationPrefs,unreads]
[07/31/24, 22:27:00:025] info: Store: REDUX_UPDATE_FROM_WEBAPP (TACDT9F2Q) Changed keys [connectivityPrefs]
[07/31/24, 22:27:00:064] info: Breadcrumb: electron: window.blur 
{
  "id": 1,
  "url": "https://app.slack.com/client/TACDT9F2Q"
}
[07/31/24, 22:27:00:064] info: Breadcrumb: electron: app.browser-window-blur 
[07/31/24, 22:27:00:064] info: Store: SET_WINDOW_FRAME 
{
  "id": 1,
  "frame": {
    "isFocused": false
  },
  "fromEvent": true
}
[07/31/24, 22:27:00:103] info: Store: REDUX_UPDATE_FROM_WEBAPP (TACDT9F2Q) Changed keys [unreads]
[07/31/24, 22:27:00:106] info: Store: STORE_USER_WORKSPACES 
{
  "userTeamId": "TACDT9F2Q",
  "workspaceIds": [
    "TACDT9F2Q"
  ]
}
[07/31/24, 22:27:00:111] info: Store: SELECTION_CHANGED TACDT9F2Q
[07/31/24, 22:27:00:253] info: Permission check granted: 
{
  "isMainFrame": true,
  "permission": "media",
  "requestingOrigin": "https://app.slack.com/client/TACDT9F2Q/CACLJHW3C",
  "requestingUrl": "https://app.slack.com/client/TACDT9F2Q/CACLJHW3C",
  "securityOrigin": "https://app.slack.com/",
  "mediaType": "audio"
}
[07/31/24, 22:27:00:253] info: Permission check granted: 
{
  "isMainFrame": true,
  "permission": "speaker-selection",
  "requestingOrigin": "https://app.slack.com/",
  "requestingUrl": "https://app.slack.com/client/TACDT9F2Q/CACLJHW3C",
  "securityOrigin": null
}
[07/31/24, 22:27:00:253] info: Permission check granted: 
{
  "isMainFrame": true,
  "permission": "media",
  "requestingOrigin": "https://app.slack.com/client/TACDT9F2Q/CACLJHW3C",
  "requestingUrl": "https://app.slack.com/client/TACDT9F2Q/CACLJHW3C",
  "securityOrigin": "https://app.slack.com/",
  "mediaType": "audio"
}
[07/31/24, 22:27:00:263] info: Store: EXTEND_MENU global: menucategory-file,menucategory-view,menucategory-jump-to
[07/31/24, 22:27:00:268] info: Store: EXTEND_MENU TACDT9F2Q: menucategory-file,menucategory-view,menucategory-edit,menucategory-help
[07/31/24, 22:27:00:318] info: Store: EXTEND_MENU global: menucategory-file,menucategory-view,menucategory-jump-to
[07/31/24, 22:27:00:401] info: Permission check granted: 
{
  "isMainFrame": true,
  "permission": "media",
  "requestingOrigin": "https://app.slack.com/client/TACDT9F2Q/CACLJHW3C",
  "requestingUrl": "https://app.slack.com/client/TACDT9F2Q/CACLJHW3C",
  "securityOrigin": "https://app.slack.com/",
  "mediaType": "audio"
}
[07/31/24, 22:27:00:401] info: Permission check granted: 
{
  "isMainFrame": true,
  "permission": "speaker-selection",
  "requestingOrigin": "https://app.slack.com/",
  "requestingUrl": "https://app.slack.com/client/TACDT9F2Q/CACLJHW3C",
  "securityOrigin": null
}
[07/31/24, 22:27:00:401] info: Permission check granted: 
{
  "isMainFrame": true,
  "permission": "media",
  "requestingOrigin": "https://app.slack.com/client/TACDT9F2Q/CACLJHW3C",
  "requestingUrl": "https://app.slack.com/client/TACDT9F2Q/CACLJHW3C",
  "securityOrigin": "https://app.slack.com/",
  "mediaType": "audio"
}
[07/31/24, 22:27:00:468] info: Store: SYNC Synced 1 workspaces with IDs [TACDT9F2Q]
[07/31/24, 22:27:00:472] info: registerLifeCycleEvents: webContents:1 from 'loaded' to 'webapp-loaded' took 2729 ms 
[07/31/24, 22:27:00:472] info: Store: UPSERT_WEB_CONTENTS 
{
  "id": 1,
  "state": "webapp-loaded"
}
[07/31/24, 22:27:00:474] info: Store: RECORD_PERFORMANCE_TIMING 
{
  "phase": 3,
  "interval": 148250
}
[07/31/24, 22:27:00:644] info: Permission check granted: 
{
  "isMainFrame": false,
  "permission": "background-sync",
  "requestingOrigin": "https://app.slack.com/",
  "requestingUrl": null,
  "securityOrigin": null
}
[07/31/24, 22:27:01:974] info: Breadcrumb: electron: window.focus 
{
  "id": 1,
  "url": "https://app.slack.com/client/TACDT9F2Q/CACLJHW3C"
}
[07/31/24, 22:27:01:974] info: Breadcrumb: electron: app.browser-window-focus 
[07/31/24, 22:27:01:975] info: Store: SET_WINDOW_FRAME 
{
  "id": 1,
  "frame": {
    "isFocused": true
  },
  "fromEvent": true
}
[07/31/24, 22:27:05:256] info: Permission check granted: 
{
  "isMainFrame": true,
  "permission": "media",
  "requestingOrigin": "https://app.slack.com/client/TACDT9F2Q/CACLJHW3C",
  "requestingUrl": "https://app.slack.com/client/TACDT9F2Q/CACLJHW3C",
  "securityOrigin": "https://app.slack.com/",
  "mediaType": "audio"
}
[07/31/24, 22:27:05:256] info: Permission check granted: 
{
  "isMainFrame": true,
  "permission": "speaker-selection",
  "requestingOrigin": "https://app.slack.com/",
  "requestingUrl": "https://app.slack.com/client/TACDT9F2Q/CACLJHW3C",
  "securityOrigin": null
}
[07/31/24, 22:27:05:256] info: Permission check granted: 
{
  "isMainFrame": true,
  "permission": "media",
  "requestingOrigin": "https://app.slack.com/client/TACDT9F2Q/CACLJHW3C",
  "requestingUrl": "https://app.slack.com/client/TACDT9F2Q/CACLJHW3C",
  "securityOrigin": "https://app.slack.com/",
  "mediaType": "audio"
}
[07/31/24, 22:27:05:318] info: Store: EXTEND_MENU TACDT9F2Q: menucategory-file,menucategory-view,menucategory-edit,menucategory-help
[07/31/24, 22:27:05:469] info: Store: persist/FLUSH 
[07/31/24, 22:27:14:408] info: Store: REDUX_UPDATE_FROM_WEBAPP (TACDT9F2Q) Changed keys [unreads]
[07/31/24, 22:27:32:465] info: Breadcrumb: electron: window.close 
{
  "id": 1,
  "url": "https://app.slack.com/client/TACDT9F2Q/CACLJHW3C"
}
[07/31/24, 22:27:32:465] info: Attempted to close the window, hiding due to run from tray 
[07/31/24, 22:27:32:466] info: Breadcrumb: electron: window.hide 
{
  "id": 1,
  "url": "https://app.slack.com/client/TACDT9F2Q/CACLJHW3C"
}
[07/31/24, 22:27:32:466] info: Store: SET_WINDOW_FRAME 
{
  "id": 1,
  "frame": {
    "isVisible": false
  },
  "fromEvent": true
}
[07/31/24, 22:27:32:467] info: Store: UPDATE_SETTINGS 
{
  "hasRunFromTray": true
}
[07/31/24, 22:27:32:469] info: Store: SHOW_TRAY_BALLOON 
{
  "title": "Slack は終了していません。",
  "content": "Slack は通知のためバックグラウンドで動作中です。通知を止める場合は、「環境設定」＞「詳細設定」で変更してください。"
}
[07/31/24, 22:27:32:469] info: Tray Handler: Showing a tray balloon with title: Slack は終了していません。 
[07/31/24, 22:27:32:474] info: Breadcrumb: electron: window.blur 
{
  "id": 1,
  "url": "https://app.slack.com/client/TACDT9F2Q/CACLJHW3C"
}
[07/31/24, 22:27:32:474] info: Breadcrumb: electron: app.browser-window-blur 
[07/31/24, 22:27:32:474] info: Store: SET_WINDOW_FRAME 
{
  "id": 1,
  "frame": {
    "isFocused": false
  },
  "fromEvent": true
}
[07/31/24, 22:28:01:182] info: Breadcrumb: electron.net: undefined 
{
  "url": "https://app.slack.com/clog/track/",
  "method": "POST",
  "status_code": 200
}
[07/31/24, 22:31:10:139] info: Store: REDUX_UPDATE_FROM_WEBAPP (TACDT9F2Q) Changed keys [unreads]
[07/31/24, 22:31:10:143] info: Store: NEW_NOTIFICATION 
{
  "id": "TACDT9F2Q_1722432669.956689",
  "title": "[REDACTED]",
  "subtitle": "[REDACTED]",
  "content": "[REDACTED]",
  "authorName": "[REDACTED]",
  "avatarImage": "[REDACTED]",
  "teamId": "TACDT9F2Q",
  "userId": "U03D45SCUBU",
  "msg": "1722432669.956689",
  "channel": "C05T3EMKNKY",
  "channelName": "[REDACTED]",
  "launchUri": "slack://channel?id=C05T3EMKNKY&message=1722432669.956689&team=TACDT9F2Q",
  "silent": true,
  "hasReply": true,
  "groupWindowsNotifications": true,
  "trace_id": "{\"traceId\":\"59321433e8dad50a\",\"parentSpanId\":\"59321433e8dad50a\"}"
}
[07/31/24, 22:31:10:144] info: Creating new Electron notification. 
[07/31/24, 22:31:10:289] info: Store: SET_WINDOW_FRAME 
{
  "id": 1,
  "frame": {
    "isCurrentlyAudible": true
  },
  "fromEvent": true
}
[07/31/24, 22:31:12:024] info: Store: SET_WINDOW_FRAME 
{
  "id": 1,
  "frame": {
    "isCurrentlyAudible": false
  },
  "fromEvent": true
}
[07/31/24, 22:31:12:931] info: Store: CLICK_NOTIFICATION 
{
  "channel": "C05T3EMKNKY",
  "messageId": "1722432669.956689",
  "notificationId": "TACDT9F2Q_1722432669.956689",
  "teamId": "TACDT9F2Q",
  "traceId": "{\"traceId\":\"59321433e8dad50a\",\"parentSpanId\":\"59321433e8dad50a\"}"
}
[07/31/24, 22:31:12:932] info: Store: FOCUS_WINDOW 
[07/31/24, 22:31:12:933] info: Breadcrumb: electron: window.show 
{
  "id": 1,
  "url": "https://app.slack.com/client/TACDT9F2Q/CACLJHW3C"
}
[07/31/24, 22:31:12:933] info: Store: SET_WINDOW_FRAME 
{
  "id": 1,
  "frame": {
    "isVisible": true
  },
  "fromEvent": true
}
[07/31/24, 22:31:12:935] info: Breadcrumb: electron: window.focus 
{
  "id": 1,
  "url": "https://app.slack.com/client/TACDT9F2Q/CACLJHW3C"
}
[07/31/24, 22:31:12:935] info: Breadcrumb: electron: app.browser-window-focus 
[07/31/24, 22:31:12:935] info: Store: SET_WINDOW_FRAME 
{
  "id": 1,
  "frame": {
    "isFocused": true
  },
  "fromEvent": true
}
[07/31/24, 22:31:12:940] info: Store: SET_WINDOW_FRAME 
{
  "id": 1,
  "frame": {
    "isMaximized": false
  },
  "fromEvent": true
}
[07/31/24, 22:31:12:941] info: Store: SET_WINDOW_FRAME 
{
  "id": 1,
  "frame": {
    "bounds": {
      "x": 0,
      "y": 0,
      "width": 960,
      "height": 1038
    }
  },
  "fromEvent": true
}
[07/31/24, 22:31:12:944] info: Breadcrumb: electron: window.blur 
{
  "id": 1,
  "url": "https://app.slack.com/client/TACDT9F2Q/CACLJHW3C"
}
[07/31/24, 22:31:12:944] info: Breadcrumb: electron: app.browser-window-blur 
[07/31/24, 22:31:12:944] info: Store: SET_WINDOW_FRAME 
{
  "id": 1,
  "frame": {
    "isFocused": false
  },
  "fromEvent": true
}
[07/31/24, 22:31:12:982] info: Breadcrumb: electron: window.maximize 
{
  "id": 1,
  "url": "https://app.slack.com/client/TACDT9F2Q/C05T3EMKNKY"
}
[07/31/24, 22:31:12:982] info: Store: SET_WINDOW_FRAME 
{
  "id": 1,
  "frame": {
    "isMaximized": true
  },
  "fromEvent": true
}
[07/31/24, 22:31:12:983] info: Store: SET_WINDOW_FRAME 
{
  "id": 1,
  "frame": {
    "bounds": {
      "x": 0,
      "y": 0,
      "width": 931,
      "height": 994
    }
  },
  "fromEvent": true
}
[07/31/24, 22:31:12:985] info: Breadcrumb: electron: window.focus 
{
  "id": 1,
  "url": "https://app.slack.com/client/TACDT9F2Q/C05T3EMKNKY"
}
[07/31/24, 22:31:12:985] info: Breadcrumb: electron: app.browser-window-focus 
[07/31/24, 22:31:12:985] info: Store: SET_WINDOW_FRAME 
{
  "id": 1,
  "frame": {
    "isFocused": true
  },
  "fromEvent": true
}
[07/31/24, 22:31:13:306] info: Store: REDUX_UPDATE_FROM_WEBAPP (TACDT9F2Q) Changed keys [unreads]
[07/31/24, 22:31:13:985] info: Store: SET_WINDOW_FRAME 
{
  "id": 1,
  "frame": {
    "bounds": {
      "x": 0,
      "y": 0,
      "width": 931,
      "height": 994
    },
    "isMaximized": true
  },
  "fromEvent": true
}
[07/31/24, 22:31:14:052] info: Store: UPDATE_SETTINGS 
{
  "mainWindowSettings": {
    "fullScreen": false,
    "maximized": true,
    "bounds": {
      "width": 1024,
      "height": 768,
      "x": 448,
      "y": 156
    }
  }
}
[07/31/24, 22:31:16:931] info: Store: FOREGROUND_APP 
[07/31/24, 22:31:16:932] info: Store: FOCUS_WINDOW 
[07/31/24, 22:31:18:789] info: Store: QUIT_APP 
[07/31/24, 22:31:18:790] info: Breadcrumb: electron: window.hide 
{
  "id": 1,
  "url": "https://app.slack.com/client/TACDT9F2Q/C05T3EMKNKY"
}
[07/31/24, 22:31:18:790] info: EpicHelpers: Flushing cookie store for session 
{
  "sessionId": "PROD_DEFAULT_SESSION"
}
[07/31/24, 22:31:18:790] info: Disposing sL… 
[07/31/24, 22:31:18:790] info: Disposing yL… 
[07/31/24, 22:31:18:790] info: Disposing x0… 
[07/31/24, 22:31:18:790] info: Store: DOWNLOADS_CLEANED_UP 
[07/31/24, 22:31:18:790] info: Store: SET_WINDOW_FRAME 
{
  "id": 1,
  "frame": {
    "isVisible": false
  },
  "fromEvent": true
}
[07/31/24, 22:31:18:791] info: Breadcrumb: electron: window.blur 
{
  "id": 1,
  "url": "https://app.slack.com/client/TACDT9F2Q/C05T3EMKNKY"
}
[07/31/24, 22:31:18:791] info: Breadcrumb: electron: app.browser-window-blur 
[07/31/24, 22:31:18:792] info: Store: SET_WINDOW_FRAME 
{
  "id": 1,
  "frame": {
    "isFocused": false
  },
  "fromEvent": true
}
[07/31/24, 22:31:18:793] info: flushLocalSettings: Flushing local-settings.json 
{
  "keys": [
    "useHwAcceleration",
    "rxLogging"
  ]
}
[07/31/24, 22:31:18:793] info: LocalSettings: updating values 
{
  "key": "useHwAcceleration",
  "value": true
}
[07/31/24, 22:31:18:794] info: Store: persist/FLUSH 
[07/31/24, 22:31:18:985] info: Breadcrumb: electron.net: undefined 
{
  "url": "https://app.slack.com/clog/track/",
  "method": "POST",
  "status_code": 200
}
[07/31/24, 22:31:18:986] info: Closing main window 
{
  "id": 1
}
[07/31/24, 22:31:18:986] info: closeWindow: attempt to close window 
{
  "id": 1
}
[07/31/24, 22:31:18:986] info: Breadcrumb: electron: window.close 
{
  "id": 1,
  "url": "https://app.slack.com/client/TACDT9F2Q/C05T3EMKNKY"
}
[07/31/24, 22:31:19:004] info: registerLifeCycleEvents: webContents:1 from 'webapp-loaded' to 'page-closed' took 258532 ms 
[07/31/24, 22:31:19:004] info: Store: UPSERT_WEB_CONTENTS 
{
  "id": 1,
  "state": "page-closed"
}
[07/31/24, 22:31:19:006] info: Breadcrumb: electron: renderer.destroyed 
{
  "id": 1,
  "url": "https://app.slack.com/client/TACDT9F2Q/C05T3EMKNKY"
}
[07/31/24, 22:31:19:006] info: Store: REMOVE_WEB_CONTENTS 
{
  "id": 1
}
[07/31/24, 22:31:19:007] info: Breadcrumb: electron: window.closed 
{
  "id": 1,
  "url": "https://app.slack.com/client/TACDT9F2Q/C05T3EMKNKY"
}
[07/31/24, 22:31:19:008] info: Store: REMOVE_WINDOW 1
[07/31/24, 22:31:19:009] info: 
+-------------------+--------------+
| FLUSH_COOKIES     | 2.801289ms   |
|-------------------+--------------+
| FLUSH_STORE       | 1.80013ms    |
|-------------------+--------------+
| REMOVE_DICT       | 0.190688ms   |
|-------------------+--------------+
| FLUSH_TELEMETRY   | 189.001317ms |
|-------------------+--------------+
| CLOSE_MAIN_WINDOW | 22.504958ms  |
|-------------------+--------------+
| TOTAL             | 218.733462ms |
+-------------------+--------------+ 
[07/31/24, 22:31:19:009] info: quitApplicationEpic: Finished, calling app.quit 
[07/31/24, 22:31:19:010] info: Breadcrumb: electron: app.before-quit 
[07/31/24, 22:31:19:010] info: Telling native-keymap to ignore all future events as we are quitting 
[07/31/24, 22:31:19:010] info: Breadcrumb: electron: app.will-quit 
[07/31/24, 22:31:19:015] info: Permission check granted: 
{
  "isMainFrame": false,
  "permission": "background-sync",
  "requestingOrigin": "https://[REDACTED].slack.com/",
  "requestingUrl": null,
  "securityOrigin": null
}
[07/31/24, 22:31:19:203] info: Breadcrumb: electron: app.quit 
[08/01/24, 11:51:00:661] info: 
╔══════════════════════════════════════════════════════╗
║      Slack 4.39.88, linux 6.10.2-arch1-1 on x64      ║
╚══════════════════════════════════════════════════════╝ 
[08/01/24, 11:51:00:662] info: Configured logger via 
{
  "loggerInstanceCount": 1
}
[08/01/24, 11:51:00:691] info: Predefined values for process 
{
  "NODE_ENV": "production",
  "platform": "linux",
  "type": "browser",
  "timeZone": "Asia/Tokyo",
  "PACKAGE_MANIFEST.productName": "Slack",
  "PACKAGE_MANIFEST.version": "4.39.88",
  "PACKAGE_MANIFEST.commit": "6761143",
  "PACKAGE_MANIFEST.branch": "HEAD"
}
[08/01/24, 11:51:00:791] info: makeUuidFactory:: Read existing uuid for instance from persisted location:  
{
  "uuid": "5622458b-11db-43a3-85f6-73a243468bb2"
}
[08/01/24, 11:51:00:791] info: getSentryDSN: Setting sentry URL to slack.com 
[08/01/24, 11:51:00:940] info: Breadcrumb: electron: app.will-finish-launching 
[08/01/24, 11:51:00:944] info: Breadcrumb: electron: app.ready 
[08/01/24, 11:51:00:984] info: Breadcrumb: electron: app.session-created 
[08/01/24, 11:51:00:985] info: Breadcrumb: electron: app.session-created 
[08/01/24, 11:51:01:001] info: Store: persist/PERSIST 
[08/01/24, 11:51:01:003] info: Store: UPDATE_SETTINGS 
{
  "locale": "en-US"
}
[08/01/24, 11:51:01:006] info: Store: persist/REHYDRATE 
{
  "appTeams": "[DEPRECATED]",
  "bookmarks": "[REDACTED]",
  "downloads": "No downloads",
  "enterprise": "No Enterprise orgs",
  "settings": {
    "isSignedIntoSlackOrg": false,
    "locale": "ja-JP",
    "notificationMethod": null,
    "releaseChannelOverride": null
  },
  "teams": "[DEPRECATED]",
  "webapp": "[REDACTED]",
  "workspaces": "1 workspaces: TACDT9F2Q",
  "workspacesMeta": "Selected workspace: TACDT9F2Q",
  "_persist": "Persistence version: 1"
}
[08/01/24, 11:51:01:007] warn: Telemetry queued before configured 
{
  "event": 1001000
}
[08/01/24, 11:51:01:007] info: Store: RECORD_PERFORMANCE_TIMING 
{
  "phase": 0,
  "interval": 8
}
[08/01/24, 11:51:01:008] info: Store: INITIALIZE 
{
  "resourcePath": "/usr/lib/slack/resources/app.asar",
  "silent": true,
  "tsaToken": "[REDACTED]",
  "bootFragments": []
}
[08/01/24, 11:51:01:016] info: Store: SET_SESSION_MODE 
[08/01/24, 11:51:01:017] info: Feature Check: requesting features from https://app.slack.com/api/ 
[08/01/24, 11:51:01:020] info: Breadcrumb: electron: powerMonitor.newListener 
[08/01/24, 11:51:01:020] info: Breadcrumb: electron: powerMonitor.newListener 
[08/01/24, 11:51:01:022] error: Failed to load calls-desktop-interop.WindowBorderPanel 
{
  "error": {
    "name": "Error",
    "stack": "Error: Module did not self-register: '/usr/lib/slack/resources/app.asar.unpacked/node_modules/@tinyspeck/huddles-desktop-utils/build/Release/CallsDesktopInterop.node'.\n    at process.func [as dlopen] (node:electron/js2c/node_init:2:2559)\n    at Module._extensions..node (node:internal/modules/cjs/loader:1470:18)\n    at Object.func [as .node] (node:electron/js2c/node_init:2:2786)\n    at Module.load (node:internal/modules/cjs/loader:1215:32)\n    at Module._load (node:internal/modules/cjs/loader:1031:12)\n    at c._load (node:electron/js2c/node_init:2:17025)\n    at Module.require (node:internal/modules/cjs/loader:1240:19)\n    at require (node:internal/modules/helpers:179:18)\n    at bindings (/usr/lib/slack/resources/app.asar/node_modules/bindings/bindings.js:112:48)\n    at Object.<anonymous> (/usr/lib/slack/resources/app.asar/node_modules/@tinyspeck/huddles-desktop-utils/lib/index.js:1:34)",
    "message": "Module did not self-register: '/usr/lib/slack/resources/app.asar.unpacked/node_modules/@tinyspeck/huddles-desktop-utils/build/Release/CallsDesktopInterop.node'.",
    "code": "ERR_DLOPEN_FAILED"
  }
}
[08/01/24, 11:51:01:042] warn: Failed to install protocol handler for slack:// links 
[08/01/24, 11:51:01:042] info: Startup Display id=46 at (0, 0) [1920 x 1080] 
[08/01/24, 11:51:01:042] info: Startup Display id=47 at (1920, 0) [1920 x 1080] 
[08/01/24, 11:51:01:050] info: getLinuxDistro: osInfo 
{
  "stdoutValue": "n/a Arch \"Arch Linux\" rolling n/a\n",
  "osInfo": [
    ""
  ]
}
[08/01/24, 11:51:01:050] warn: Couldn't get Linux distro info from lsb_release, trying fallback to get Linux distro info 
{
  "error": {
    "name": "Error",
    "stack": "Error: Missing OS or release info\n    at SI (/usr/lib/slack/resources/app.asar/dist/main.bundle.js:97:204)",
    "message": "Missing OS or release info"
  }
}
[08/01/24, 11:51:01:062] info: getLinuxDistro: getos 
{
  "res": {
    "os": "linux",
    "dist": "Arch Linux",
    "release": "\"rolling\""
  }
}
[08/01/24, 11:51:01:063] info: Store: READY 
{
  "resourcePath": "/usr/lib/slack/resources/app.asar",
  "silent": true,
  "tsaToken": "[REDACTED]",
  "bootFragments": [],
  "appVersion": "4.39.88",
  "arch": "x64",
  "isGpuCompositionAvailable": true,
  "isTitleBarHidden": false,
  "platform": "linux",
  "platformVersion": {
    "major": 6,
    "minor": 10,
    "build": 2
  },
  "developerMenuOverride": false,
  "uuid": "5622458b-11db-43a3-85f6-73a243468bb2",
  "applicationProcessSessionId": "NTYyMjQ1OGItMTFkYi00M2EzLTg1ZjYtNzNhMjQzNDY4YmIyXzE3MjI0ODA2NjA3OTE=",
  "distribution": "DDL",
  "clientEnvironment": 1000,
  "invokedOnStartup": false,
  "linux": {
    "os": "Arch Linux",
    "name": "Arch Linux \"rolling\"",
    "release": "\"rolling\"",
    "codename": "",
    "desktopEnvironment": "Hyprland"
  }
}
[08/01/24, 11:51:01:063] info: initializeApplicationEpic: trying to set ntlm credential domain for session 
{
  "sessionId": "PROD_DEFAULT_SESSION"
}
[08/01/24, 11:51:01:064] info: initializeApplicationEpic: Setting spellcheck dictionary URL 
{
  "dictionaryUrl": "https://spellcheck.slack-edge.com/dictionaries_v2/"
}
[08/01/24, 11:51:01:064] info: initializeApplicationEpic: Welcome to Slack 4.39.88 x64 
[08/01/24, 11:51:01:064] info: Breadcrumb: electron: powerMonitor.newListener 
[08/01/24, 11:51:01:065] info: logExternalConfigEpic: initial external config 
{
  "defaults": {}
}
[08/01/24, 11:51:01:065] info: AutoLoginEpic: Checking for autologin. 
[08/01/24, 11:51:01:066] info: getIsUpdateSupported: Updates are not supported 
{
  "version": "4.39.88",
  "reasons": [
    "using Linux"
  ],
  "distribution": "DDL",
  "executable": "/usr/lib/slack"
}
[08/01/24, 11:51:01:068] info: makeUuidFactory:: Read existing uuid for tray from persisted location:  
{
  "uuid": "ba142e91-0ace-443c-8b65-78dd5ebf33aa"
}
[08/01/24, 11:51:01:076] info: Store: SET_ACCESSIBILITY_SUPPORT_ENABLED 
[08/01/24, 11:51:01:077] info: Store: CREATE_WINDOW 
{
  "type": "main"
}
[08/01/24, 11:51:01:077] info: Store: UPDATE_SETTINGS 
{
  "isSignedIntoSlackOrg": false
}
[08/01/24, 11:51:01:079] info: initialSettingsPayload: trying to invalidate settings 
{
  "payload": {}
}
[08/01/24, 11:51:01:079] info: Store: SET_UPDATE_SUPPORTED 
[08/01/24, 11:51:01:083] info: Store: TOKEN_FILE_PROCESSED 
[08/01/24, 11:51:01:083] info: AutoLoginEpic: Processing token file for autologin. 
[08/01/24, 11:51:01:083] info: AutoLoginEpic: Completed autologin processing — successfully logged in 0 workspaces. 
[08/01/24, 11:51:01:083] info: AutoLoginEpic: Setting default sign-in team to null 
[08/01/24, 11:51:01:083] info: Store: AUTOLOGIN_TEAMS_COMPLETE 
[08/01/24, 11:51:01:083] info: Store: UPDATE_SETTINGS 
{
  "defaultSigninTeam": null
}
[08/01/24, 11:51:01:105] info: Breadcrumb: electron: app.web-contents-created 
[08/01/24, 11:51:01:106] info: Breadcrumb: electron: app.browser-window-created 
[08/01/24, 11:51:01:111] info: MainWindowEpics: Setting main window ID 
{
  "id": 1
}
[08/01/24, 11:51:01:112] info: getSonicBaseURL: Booting into devEnv 
{
  "url": "https://app.slack.com"
}
[08/01/24, 11:51:01:113] info: Store: WINDOW_CREATED 
{
  "type": "main",
  "webappType": "app",
  "initialLoadURL": "https://app.slack.com/client/TACDT9F2Q",
  "id": 1,
  "frame": {
    "isHtmlFullScreen": false,
    "isCurrentlyAudible": false,
    "isFullScreen": false,
    "isMinimized": false,
    "isMaximized": false,
    "isVisible": false,
    "isFocused": false,
    "bounds": {
      "x": 448,
      "y": 156,
      "width": 1024,
      "height": 768
    },
    "hasVibrancy": false
  }
}
[08/01/24, 11:51:01:115] info: Breadcrumb: electron: powerMonitor.newListener 
[08/01/24, 11:51:01:115] info: Breadcrumb: electron: powerMonitor.newListener 
[08/01/24, 11:51:01:116] info: Watching for keyboard layout changes 
[08/01/24, 11:51:01:118] info: Store: RECORD_PERFORMANCE_TIMING 
{
  "phase": 1,
  "interval": 108
}
[08/01/24, 11:51:01:119] info: registerLifeCycleEvents: Registering webContents:1 
[08/01/24, 11:51:01:119] info: registerLifeCycleEvents: webContents:1 is type 'app' 
[08/01/24, 11:51:01:119] info: Store: UPSERT_WEB_CONTENTS 
{
  "id": 1,
  "state": "unloaded",
  "type": "app"
}
[08/01/24, 11:51:01:122] info: getSonicBaseURL: Booting into devEnv 
{
  "url": "https://app.slack.com"
}
[08/01/24, 11:51:01:135] info: applyLocale: locale set to ja-JP 
[08/01/24, 11:51:01:135] info: Store: UPDATE_SETTINGS 
{
  "locale": "ja-JP"
}
[08/01/24, 11:51:01:161] info: System configuration information 
{
  "info": {
    "total_memory_in_gb": 31,
    "gpuFeatures": {
      "2d_canvas": "disabled_software",
      "canvas_oop_rasterization": "disabled_off",
      "direct_rendering_display_compositor": "disabled_off_ok",
      "gpu_compositing": "disabled_software",
      "multiple_raster_threads": "enabled_on",
      "opengl": "disabled_off",
      "rasterization": "disabled_software",
      "raw_draw": "disabled_off_ok",
      "skia_graphite": "disabled_off",
      "video_decode": "disabled_software",
      "video_encode": "disabled_software",
      "vulkan": "disabled_off",
      "webgl": "disabled_off",
      "webgl2": "disabled_off",
      "webgpu": "disabled_off",
      "webnn": "disabled_off"
    },
    "cpu_model": "AMD Ryzen 7 5800X3D 8-Core Processor",
    "cpu_logical_core": 16,
    "cpu_clock_speed": 4317,
    "gpuDevice": [
      {
        "active": true,
        "cudaComputeCapabilityMajor": 0,
        "deviceId": 29663,
        "gpuPreference": 0,
        "vendorId": 4098
      }
    ],
    "machine_model_name": "unknown",
    "machine_model_version": "unknown",
    "crash_db_size_kb": 1
  }
}
[08/01/24, 11:51:01:237] info: Breadcrumb: electron: app.gpu-info-update 
[08/01/24, 11:51:01:383] info: Breadcrumb: electron.net: undefined 
{
  "url": "https://app.slack.com/api/desktop.features",
  "method": "GET",
  "status_code": 200
}
[08/01/24, 11:51:01:385] info: Feature Check: received experiments 
{
  "ok": true,
  "experiments": [
    {
      "experiment": "ripcord_screen_capture_kit",
      "enable_chrome_features": [
        "ScreenCaptureKitMac"
      ],
      "type": "normal"
    },
    {
      "experiment": "",
      "disable_chrome_features": [
        "PostQuantumKyber"
      ],
      "type": "normal"
    }
  ]
}
[08/01/24, 11:51:01:412] info: Breadcrumb: electron: renderer.dom-ready 
{
  "id": 1,
  "url": "https://app.slack.com/client/TACDT9F2Q"
}
[08/01/24, 11:51:01:412] info: registerLifeCycleEvents: webContents:1 from 'unloaded' to 'loaded' took 293 ms 
[08/01/24, 11:51:01:412] info: Store: UPSERT_WEB_CONTENTS 
{
  "id": 1,
  "state": "loaded"
}
[08/01/24, 11:51:01:413] info: initializeMainWindowEpic: Showing main window 
{
  "maximized": true,
  "shouldHide": false,
  "fullScreen": false
}
[08/01/24, 11:51:01:414] info: Breadcrumb: electron: window.maximize 
{
  "id": 1,
  "url": "https://app.slack.com/client/TACDT9F2Q"
}
[08/01/24, 11:51:01:414] info: Breadcrumb: electron: window.show 
{
  "id": 1,
  "url": "https://app.slack.com/client/TACDT9F2Q"
}
[08/01/24, 11:51:01:414] info: Breadcrumb: electron: window.show 
{
  "id": 1,
  "url": "https://app.slack.com/client/TACDT9F2Q"
}
[08/01/24, 11:51:01:415] info: Store: RECORD_PERFORMANCE_TIMING 
{
  "phase": 2,
  "interval": 298
}
[08/01/24, 11:51:01:415] info: Store: SET_WINDOW_FRAME 
{
  "id": 1,
  "frame": {
    "isMaximized": true
  },
  "fromEvent": true
}
[08/01/24, 11:51:01:415] info: Store: SET_WINDOW_FRAME 
{
  "id": 1,
  "frame": {
    "isVisible": true
  },
  "fromEvent": true
}
[08/01/24, 11:51:01:415] info: Store: MAIN_WINDOW_SHOWN 
[08/01/24, 11:51:01:417] info: Store: UPDATE_SETTINGS 
{
  "mainWindowSettings": {
    "fullScreen": false,
    "maximized": true,
    "bounds": {
      "width": 1024,
      "height": 768,
      "x": 448,
      "y": 156
    }
  }
}
[08/01/24, 11:51:01:417] info: Store: CLEAR_NOTIFICATIONS 
[08/01/24, 11:51:01:418] info: Store: SET_WINDOW_FRAME 
{
  "id": 1,
  "frame": {
    "bounds": {
      "x": 448,
      "y": 156,
      "width": 1024,
      "height": 768
    }
  },
  "fromEvent": true
}
[08/01/24, 11:51:01:421] info: Store: SET_WINDOW_FRAME 
{
  "id": 1,
  "frame": {
    "isMaximized": false
  },
  "fromEvent": true
}
[08/01/24, 11:51:01:421] info: Store: SET_WINDOW_FRAME 
{
  "id": 1,
  "frame": {
    "bounds": {
      "x": 0,
      "y": 0,
      "width": 960,
      "height": 1038
    }
  },
  "fromEvent": true
}
[08/01/24, 11:51:01:431] info: Breadcrumb: electron: window.maximize 
{
  "id": 1,
  "url": "https://app.slack.com/client/TACDT9F2Q"
}
[08/01/24, 11:51:01:431] info: Store: SET_WINDOW_FRAME 
{
  "id": 1,
  "frame": {
    "isMaximized": true
  },
  "fromEvent": true
}
[08/01/24, 11:51:01:432] info: Store: SET_WINDOW_FRAME 
{
  "id": 1,
  "frame": {
    "bounds": {
      "x": 0,
      "y": 0,
      "width": 931,
      "height": 994
    }
  },
  "fromEvent": true
}
[08/01/24, 11:51:01:433] info: Breadcrumb: electron: window.focus 
{
  "id": 1,
  "url": "https://app.slack.com/client/TACDT9F2Q"
}
[08/01/24, 11:51:01:433] info: Breadcrumb: electron: app.browser-window-focus 
[08/01/24, 11:51:01:433] info: Store: SET_WINDOW_FRAME 
{
  "id": 1,
  "frame": {
    "isFocused": true
  },
  "fromEvent": true
}
[08/01/24, 11:51:01:538] info: Breadcrumb: electron: window.ready-to-show 
{
  "id": 1,
  "url": "https://app.slack.com/client/TACDT9F2Q"
}
[08/01/24, 11:51:02:009] info: Store: UPDATE_SETTINGS 
{
  "userTheme": "light"
}
[08/01/24, 11:51:02:011] info: Store: UPDATE_SETTINGS 
{
  "systemThemeSyncEnabled": true
}
[08/01/24, 11:51:02:012] info: waitAuthCookieChange: waiting for auth change for session 
{
  "sessionId": "PROD_DEFAULT_SESSION"
}
[08/01/24, 11:51:02:033] info: Store: SELECTION_CHANGED TACDT9F2Q
[08/01/24, 11:51:02:093] info: Permission check granted: 
{
  "isMainFrame": true,
  "permission": "background-sync",
  "requestingOrigin": "https://app.slack.com/",
  "requestingUrl": "https://app.slack.com/client/TACDT9F2Q",
  "securityOrigin": null
}
[08/01/24, 11:51:02:418] info: Store: SET_NETWORK_STATUS online
[08/01/24, 11:51:02:422] info: Store: SET_WINDOW_FRAME 
{
  "id": 1,
  "frame": {
    "bounds": {
      "x": 0,
      "y": 0,
      "width": 931,
      "height": 994
    },
    "isMaximized": true
  },
  "fromEvent": true
}
[08/01/24, 11:51:02:433] info: Store: SET_WINDOW_FRAME 
{
  "id": 1,
  "frame": {
    "bounds": {
      "x": 0,
      "y": 0,
      "width": 931,
      "height": 994
    },
    "isMaximized": true
  },
  "fromEvent": true
}
[08/01/24, 11:51:02:500] info: Store: UPDATE_SETTINGS 
{
  "mainWindowSettings": {
    "fullScreen": false,
    "maximized": true,
    "bounds": {
      "width": 1024,
      "height": 768,
      "x": 448,
      "y": 156
    }
  }
}
[08/01/24, 11:51:03:317] info: Store: REDUX_UPDATE_FROM_WEBAPP (TACDT9F2Q) Changed keys [theme,notificationPrefs,connectivityPrefs,featureFlags,unreads,locale,version,userId]
[08/01/24, 11:51:03:595] info: Permission check granted: 
{
  "isMainFrame": true,
  "permission": "media",
  "requestingOrigin": "https://app.slack.com/client/TACDT9F2Q/C05T3EMKNKY",
  "requestingUrl": "https://app.slack.com/client/TACDT9F2Q/C05T3EMKNKY",
  "securityOrigin": "https://app.slack.com/",
  "mediaType": "audio"
}
[08/01/24, 11:51:03:595] info: Permission check granted: 
{
  "isMainFrame": true,
  "permission": "speaker-selection",
  "requestingOrigin": "https://app.slack.com/",
  "requestingUrl": "https://app.slack.com/client/TACDT9F2Q/C05T3EMKNKY",
  "securityOrigin": null
}
[08/01/24, 11:51:03:595] info: Permission check granted: 
{
  "isMainFrame": true,
  "permission": "media",
  "requestingOrigin": "https://app.slack.com/client/TACDT9F2Q/C05T3EMKNKY",
  "requestingUrl": "https://app.slack.com/client/TACDT9F2Q/C05T3EMKNKY",
  "securityOrigin": "https://app.slack.com/",
  "mediaType": "audio"
}
[08/01/24, 11:51:03:605] info: Store: EXTEND_MENU global: menucategory-file,menucategory-view,menucategory-jump-to
[08/01/24, 11:51:03:610] info: Store: EXTEND_MENU TACDT9F2Q: menucategory-file,menucategory-view,menucategory-edit,menucategory-help
[08/01/24, 11:51:03:613] info: Store: UPDATE_SETTINGS 
{
  "zoomLevel": 0
}
[08/01/24, 11:51:03:653] info: Store: EXTEND_MENU global: menucategory-file,menucategory-view,menucategory-jump-to
[08/01/24, 11:51:03:655] info: Store: UPDATE_SETTINGS 
{
  "zoomLevel": 0
}
[08/01/24, 11:51:03:788] info: Store: REDUX_UPDATE_FROM_WEBAPP (TACDT9F2Q) Changed keys [unreads]
[08/01/24, 11:51:03:795] info: Store: STORE_USER_WORKSPACES 
{
  "userTeamId": "TACDT9F2Q",
  "workspaceIds": [
    "TACDT9F2Q"
  ]
}
[08/01/24, 11:51:03:805] info: Store: SELECTION_CHANGED TACDT9F2Q
[08/01/24, 11:51:03:904] info: Permission check granted: 
{
  "isMainFrame": true,
  "permission": "media",
  "requestingOrigin": "https://app.slack.com/client/TACDT9F2Q/C05T3EMKNKY",
  "requestingUrl": "https://app.slack.com/client/TACDT9F2Q/C05T3EMKNKY",
  "securityOrigin": "https://app.slack.com/",
  "mediaType": "audio"
}
[08/01/24, 11:51:03:904] info: Permission check granted: 
{
  "isMainFrame": true,
  "permission": "speaker-selection",
  "requestingOrigin": "https://app.slack.com/",
  "requestingUrl": "https://app.slack.com/client/TACDT9F2Q/C05T3EMKNKY",
  "securityOrigin": null
}
[08/01/24, 11:51:03:904] info: Permission check granted: 
{
  "isMainFrame": true,
  "permission": "media",
  "requestingOrigin": "https://app.slack.com/client/TACDT9F2Q/C05T3EMKNKY",
  "requestingUrl": "https://app.slack.com/client/TACDT9F2Q/C05T3EMKNKY",
  "securityOrigin": "https://app.slack.com/",
  "mediaType": "audio"
}
[08/01/24, 11:51:04:065] info: Store: SYNC Synced 1 workspaces with IDs [TACDT9F2Q]
[08/01/24, 11:51:04:067] info: registerLifeCycleEvents: webContents:1 from 'loaded' to 'webapp-loaded' took 2655 ms 
[08/01/24, 11:51:04:067] info: Store: UPSERT_WEB_CONTENTS 
{
  "id": 1,
  "state": "webapp-loaded"
}
[08/01/24, 11:51:04:071] info: Store: RECORD_PERFORMANCE_TIMING 
{
  "phase": 3,
  "interval": 2658
}
[08/01/24, 11:51:04:176] info: Permission check granted: 
{
  "isMainFrame": false,
  "permission": "background-sync",
  "requestingOrigin": "https://app.slack.com/",
  "requestingUrl": null,
  "securityOrigin": null
}
[08/01/24, 11:51:04:883] info: Store: REDUX_UPDATE_FROM_WEBAPP (TACDT9F2Q) Changed keys [unreads]
[08/01/24, 11:51:04:885] info: registerLifeCycleEvents: webContents:1 is type 'app' 
[08/01/24, 11:51:04:885] info: Store: UPSERT_WEB_CONTENTS 
{
  "id": 1,
  "type": "app",
  "history": "[REDACTED]"
}
[08/01/24, 11:51:04:886] info: Store: SET_WINDOW_FRAME 
{
  "id": 1,
  "frame": {
    "isVisible": true,
    "isFocused": true
  },
  "fromEvent": true
}
[08/01/24, 11:51:07:256] info: Store: REDUX_UPDATE_FROM_WEBAPP (TACDT9F2Q) Changed keys [unreads]
[08/01/24, 11:51:08:594] info: Permission check granted: 
{
  "isMainFrame": true,
  "permission": "media",
  "requestingOrigin": "https://app.slack.com/client/TACDT9F2Q/CACLJHW3C",
  "requestingUrl": "https://app.slack.com/client/TACDT9F2Q/CACLJHW3C",
  "securityOrigin": "https://app.slack.com/",
  "mediaType": "audio"
}
[08/01/24, 11:51:08:594] info: Permission check granted: 
{
  "isMainFrame": true,
  "permission": "speaker-selection",
  "requestingOrigin": "https://app.slack.com/",
  "requestingUrl": "https://app.slack.com/client/TACDT9F2Q/CACLJHW3C",
  "securityOrigin": null
}
[08/01/24, 11:51:08:594] info: Permission check granted: 
{
  "isMainFrame": true,
  "permission": "media",
  "requestingOrigin": "https://app.slack.com/client/TACDT9F2Q/CACLJHW3C",
  "requestingUrl": "https://app.slack.com/client/TACDT9F2Q/CACLJHW3C",
  "securityOrigin": "https://app.slack.com/",
  "mediaType": "audio"
}
[08/01/24, 11:51:08:653] info: Store: EXTEND_MENU TACDT9F2Q: menucategory-file,menucategory-view,menucategory-edit,menucategory-help
[08/01/24, 11:51:09:066] info: Store: persist/FLUSH 
[08/01/24, 11:51:16:172] info: Store: APP_COMMAND browser-backward
[08/01/24, 11:51:23:754] info: Breadcrumb: electron: window.close 
{
  "id": 1,
  "url": "https://app.slack.com/client/TACDT9F2Q/C05T3EMKNKY"
}
[08/01/24, 11:51:23:754] info: Attempted to close the window, hiding due to run from tray 
[08/01/24, 11:51:23:754] info: Breadcrumb: electron: window.hide 
{
  "id": 1,
  "url": "https://app.slack.com/client/TACDT9F2Q/C05T3EMKNKY"
}
[08/01/24, 11:51:23:754] info: Store: SET_WINDOW_FRAME 
{
  "id": 1,
  "frame": {
    "isVisible": false
  },
  "fromEvent": true
}
[08/01/24, 11:51:23:756] info: Breadcrumb: electron: window.blur 
{
  "id": 1,
  "url": "https://app.slack.com/client/TACDT9F2Q/C05T3EMKNKY"
}
[08/01/24, 11:51:23:756] info: Breadcrumb: electron: app.browser-window-blur 
[08/01/24, 11:51:23:756] info: Store: SET_WINDOW_FRAME 
{
  "id": 1,
  "frame": {
    "isFocused": false
  },
  "fromEvent": true
}
[08/01/24, 11:51:27:394] info: Store: QUIT_APP 
[08/01/24, 11:51:27:395] info: Breadcrumb: electron: window.hide 
{
  "id": 1,
  "url": "https://app.slack.com/client/TACDT9F2Q/C05T3EMKNKY"
}
[08/01/24, 11:51:27:395] info: EpicHelpers: Flushing cookie store for session 
{
  "sessionId": "PROD_DEFAULT_SESSION"
}
[08/01/24, 11:51:27:395] info: Disposing sL… 
[08/01/24, 11:51:27:395] info: Disposing yL… 
[08/01/24, 11:51:27:396] info: Disposing x0… 
[08/01/24, 11:51:27:396] info: Store: DOWNLOADS_CLEANED_UP 
[08/01/24, 11:51:27:400] info: flushLocalSettings: Flushing local-settings.json 
{
  "keys": [
    "useHwAcceleration",
    "rxLogging"
  ]
}
[08/01/24, 11:51:27:400] info: Store: persist/FLUSH 
[08/01/24, 11:51:27:583] info: Breadcrumb: electron.net: undefined 
{
  "url": "https://app.slack.com/clog/track/",
  "method": "POST",
  "status_code": 200
}
[08/01/24, 11:51:27:775] info: Breadcrumb: electron.net: undefined 
{
  "url": "https://app.slack.com/clog/track/",
  "method": "POST",
  "status_code": 200
}
[08/01/24, 11:51:27:964] info: Breadcrumb: electron.net: undefined 
{
  "url": "https://app.slack.com/clog/track/",
  "method": "POST",
  "status_code": 200
}
[08/01/24, 11:51:27:965] info: Closing main window 
{
  "id": 1
}
[08/01/24, 11:51:27:965] info: closeWindow: attempt to close window 
{
  "id": 1
}
[08/01/24, 11:51:27:965] info: Breadcrumb: electron: window.close 
{
  "id": 1,
  "url": "https://app.slack.com/client/TACDT9F2Q/C05T3EMKNKY"
}
[08/01/24, 11:51:27:978] info: registerLifeCycleEvents: webContents:1 from 'webapp-loaded' to 'page-closed' took 23093 ms 
[08/01/24, 11:51:27:978] info: Store: UPSERT_WEB_CONTENTS 
{
  "id": 1,
  "state": "page-closed"
}
[08/01/24, 11:51:27:980] info: Breadcrumb: electron: renderer.destroyed 
{
  "id": 1,
  "url": "https://app.slack.com/client/TACDT9F2Q/C05T3EMKNKY"
}
[08/01/24, 11:51:27:980] info: Store: REMOVE_WEB_CONTENTS 
{
  "id": 1
}
[08/01/24, 11:51:27:981] info: Breadcrumb: electron: window.closed 
{
  "id": 1,
  "url": "https://app.slack.com/client/TACDT9F2Q/C05T3EMKNKY"
}
[08/01/24, 11:51:27:982] info: Store: REMOVE_WINDOW 1
[08/01/24, 11:51:27:983] info: 
+-------------------+--------------+
| FLUSH_COOKIES     | 4.681462ms   |
|-------------------+--------------+
| FLUSH_STORE       | 0.210444ms   |
|-------------------+--------------+
| REMOVE_DICT       | 0.212468ms   |
|-------------------+--------------+
| FLUSH_TELEMETRY   | 563.888231ms |
|-------------------+--------------+
| CLOSE_MAIN_WINDOW | 17.538857ms  |
|-------------------+--------------+
| TOTAL             | 587.30013ms  |
+-------------------+--------------+ 
[08/01/24, 11:51:27:983] info: quitApplicationEpic: Finished, calling app.quit 
[08/01/24, 11:51:27:984] info: Breadcrumb: electron: app.before-quit 
[08/01/24, 11:51:27:985] info: Telling native-keymap to ignore all future events as we are quitting 
[08/01/24, 11:51:27:985] info: Breadcrumb: electron: app.will-quit 
[08/01/24, 11:51:28:175] info: Breadcrumb: electron: app.quit 
